<?xml version="1.0" encoding="UTF-8"?>
<!-- Generated by org.testng.reporters.JUnitReportReporter -->
<testsuite hostname="MAY38" name="MyPackage.calendar_test" tests="6" failures="0" timestamp="17 Sep 2014 08:22:51 GMT" time="22.839" errors="0">
  <testcase name="test4" time="1.838" classname="MyPackage.calendar_test"/>
  <testcase name="test1" time="2.740" classname="MyPackage.calendar_test"/>
  <testcase name="test5" time="8.916" classname="MyPackage.calendar_test"/>
  <testcase name="test2" time="3.500" classname="MyPackage.calendar_test"/>
  <testcase name="test6" time="3.811" classname="MyPackage.calendar_test"/>
  <testcase name="test3" time="2.034" classname="MyPackage.calendar_test"/>
</testsuite> <!-- MyPackage.calendar_test -->
