<?xml version="1.0" encoding="UTF-8" ?>
<testsuite failures="0" time="23.18" errors="0" skipped="0" tests="6" name="TestSuite">
  <properties>
    <property name="java.runtime.name" value="Java(TM) SE Runtime Environment"/>
    <property name="sun.boot.library.path" value="/home/cmugnier/java/jdk1.6/jre/lib/amd64"/>
    <property name="java.vm.version" value="20.45-b01"/>
    <property name="java.vm.vendor" value="Sun Microsystems Inc."/>
    <property name="java.vendor.url" value="http://java.sun.com/"/>
    <property name="path.separator" value=":"/>
    <property name="guice.disable.misplaced.annotation.check" value="true"/>
    <property name="java.vm.name" value="Java HotSpot(TM) 64-Bit Server VM"/>
    <property name="file.encoding.pkg" value="sun.io"/>
    <property name="user.country" value="US"/>
    <property name="sun.java.launcher" value="SUN_STANDARD"/>
    <property name="sun.os.patch.level" value="unknown"/>
    <property name="java.vm.specification.name" value="Java Virtual Machine Specification"/>
    <property name="user.dir" value="/home/cmugnier/workspace/projectTest"/>
    <property name="java.runtime.version" value="1.6.0_45-b06"/>
    <property name="java.awt.graphicsenv" value="sun.awt.X11GraphicsEnvironment"/>
    <property name="java.endorsed.dirs" value="/home/cmugnier/java/jdk1.6/jre/lib/endorsed"/>
    <property name="os.arch" value="amd64"/>
    <property name="java.io.tmpdir" value="/tmp"/>
    <property name="line.separator" value="
"/>
    <property name="java.vm.specification.vendor" value="Sun Microsystems Inc."/>
    <property name="os.name" value="Linux"/>
    <property name="classworlds.conf" value="/home/cmugnier/java/.apache-maven/bin/m2.conf"/>
    <property name="sun.jnu.encoding" value="UTF-8"/>
    <property name="java.library.path" value="/home/cmugnier/java/jdk1.6/jre/lib/amd64/server:/home/cmugnier/java/jdk1.6/jre/lib/amd64:/home/cmugnier/java/jdk1.6/jre/../lib/amd64:/usr/java/packages/lib/amd64:/usr/lib64:/lib64:/lib:/usr/lib"/>
    <property name="java.specification.name" value="Java Platform API Specification"/>
    <property name="java.class.version" value="50.0"/>
    <property name="sun.management.compiler" value="HotSpot 64-Bit Tiered Compilers"/>
    <property name="os.version" value="3.13.0-35-generic"/>
    <property name="user.home" value="/home/cmugnier"/>
    <property name="user.timezone" value="Asia/Ho_Chi_Minh"/>
    <property name="java.awt.printerjob" value="sun.print.PSPrinterJob"/>
    <property name="file.encoding" value="UTF-8"/>
    <property name="java.specification.version" value="1.6"/>
    <property name="user.name" value="cmugnier"/>
    <property name="java.class.path" value="/home/cmugnier/java/.apache-maven/boot/plexus-classworlds-2.5.1.jar"/>
    <property name="org.slf4j.simpleLogger.defaultLogLevel" value="info"/>
    <property name="java.vm.specification.version" value="1.0"/>
    <property name="sun.arch.data.model" value="64"/>
    <property name="java.home" value="/home/cmugnier/java/jdk1.6/jre"/>
    <property name="sun.java.command" value="org.codehaus.plexus.classworlds.launcher.Launcher clean install"/>
    <property name="java.specification.vendor" value="Sun Microsystems Inc."/>
    <property name="user.language" value="en"/>
    <property name="java.vm.info" value="mixed mode"/>
    <property name="java.version" value="1.6.0_45"/>
    <property name="java.ext.dirs" value="/home/cmugnier/java/jdk1.6/jre/lib/ext:/usr/java/packages/lib/ext"/>
    <property name="securerandom.source" value="file:/dev/./urandom"/>
    <property name="sun.boot.class.path" value="/home/cmugnier/java/jdk1.6/jre/lib/resources.jar:/home/cmugnier/java/jdk1.6/jre/lib/rt.jar:/home/cmugnier/java/jdk1.6/jre/lib/sunrsasign.jar:/home/cmugnier/java/jdk1.6/jre/lib/jsse.jar:/home/cmugnier/java/jdk1.6/jre/lib/jce.jar:/home/cmugnier/java/jdk1.6/jre/lib/charsets.jar:/home/cmugnier/java/jdk1.6/jre/lib/modules/jdk.boot.jar:/home/cmugnier/java/jdk1.6/jre/classes"/>
    <property name="java.vendor" value="Sun Microsystems Inc."/>
    <property name="maven.home" value="/home/cmugnier/java/.apache-maven"/>
    <property name="file.separator" value="/"/>
    <property name="java.vendor.url.bug" value="http://java.sun.com/cgi-bin/bugreport.cgi"/>
    <property name="sun.cpu.endian" value="little"/>
    <property name="sun.io.unicode.encoding" value="UnicodeLittle"/>
    <property name="sun.desktop" value="gnome"/>
    <property name="sun.cpu.isalist" value=""/>
  </properties>
  <testcase time="2.834" classname="packageTest.TheTest" name="Add_quick_event_from_calendar_view_by_right_click"/>
  <testcase time="3.369" classname="packageTest.TheTest" name="Add_new_event_with_special_characters"/>
  <testcase time="2.332" classname="packageTest.TheTest" name="Add_all_day_event"/>
  <testcase time="1.756" classname="packageTest.TheTest" name="Delete_event_all_category"/>
  <testcase time="9.358" classname="packageTest.TheTest" name="Add_event_with_priority"/>
  <testcase time="3.531" classname="packageTest.TheTest" name="Add_new_event_with_duplicated_name"/>
</testsuite>