<?xml version="1.0" encoding="UTF-8"?>
<!-- Generated by org.testng.reporters.JUnitReportReporter -->
<testsuite hostname="MAY38" name="packageTest.TheTest" tests="6" failures="0" timestamp="23 Sep 2014 08:04:12 GMT" time="23.182" errors="0">
  <testcase name="Add_quick_event_from_calendar_view_by_right_click" time="2.836" classname="packageTest.TheTest"/>
  <testcase name="Add_event_with_priority" time="9.358" classname="packageTest.TheTest"/>
  <testcase name="Add_all_day_event" time="2.332" classname="packageTest.TheTest"/>
  <testcase name="Add_new_event_with_duplicated_name" time="3.530" classname="packageTest.TheTest"/>
  <testcase name="Add_new_event_with_special_characters" time="3.371" classname="packageTest.TheTest"/>
  <testcase name="Delete_event_all_category" time="1.755" classname="packageTest.TheTest"/>
</testsuite>
